2025-02-25 14:58:25 [INFO]: Request: POST /customer-api/customer/register - Body: {"customerName":"John Doe","customerEmailId":"johndoe@example.com","contactNumber":"9876543210","password":"SecurePass123","gender":"Male","dateOfBirth":"1995-06-15","address":{"addressName":"Home","addressLine1":"123 Main Street","addressLine2":"Apt 4B","area":"Downtown","city":"New York","state":"NY","pincode":"10001"}}
2025-02-25 14:58:25 [INFO]: Response: POST /customer-api/customer/register - Status: 201 - Data: {"message":"User Registered Successfully"}
2025-02-25 14:59:28 [INFO]: Request: POST /customer-api/customer/login - Body: {"customerEmailId":"johndoe@example.com","password":"SecurePass123"}
2025-02-25 14:59:28 [INFO]: Response: POST /customer-api/customer/login - Status: 200 - Data: {"message":"Login Successful","token":"eyJhbGciOiJIUzI1NiIsInR5cCI6IkpXVCJ9.eyJpZCI6IjY3YmQ4ZDM5MDg0M2YwNmE2NDkzNTljNiIsImlhdCI6MTc0MDQ3NTc2OCwiZXhwIjoxNzQwNDc5MzY4fQ.G1RqQQ17Cj0EFNqdSAs4w_2XI25tLmpZorLxs9oe4fc"}
2025-02-25 15:00:09 [INFO]: Request: POST /customer-api/customer/update-profile - Body: {"customerName":"John Doe Updated","contactNumber":"9876543210","gender":"Male","dateOfBirth":"1995-06-15","address":{"addressName":"Home","addressLine1":"456 New Street","addressLine2":"Suite 10","area":"Uptown","city":"Los Angeles","state":"CA","pincode":"90001"}}
2025-02-25 15:00:20 [INFO]: Request: POST /customer-api/customer/update - Body: {"customerName":"John Doe Updated","contactNumber":"9876543210","gender":"Male","dateOfBirth":"1995-06-15","address":{"addressName":"Home","addressLine1":"456 New Street","addressLine2":"Suite 10","area":"Uptown","city":"Los Angeles","state":"CA","pincode":"90001"}}
2025-02-25 15:00:23 [INFO]: Request: POST /customer-api/customer/update - Body: {"customerName":"John Doe Updated","contactNumber":"9876543210","gender":"Male","dateOfBirth":"1995-06-15","address":{"addressName":"Home","addressLine1":"456 New Street","addressLine2":"Suite 10","area":"Uptown","city":"Los Angeles","state":"CA","pincode":"90001"}}
2025-02-25 15:00:25 [INFO]: Request: POST /customer-api/customer/updatea - Body: {"customerName":"John Doe Updated","contactNumber":"9876543210","gender":"Male","dateOfBirth":"1995-06-15","address":{"addressName":"Home","addressLine1":"456 New Street","addressLine2":"Suite 10","area":"Uptown","city":"Los Angeles","state":"CA","pincode":"90001"}}
2025-02-25 15:00:33 [INFO]: Request: PUT /customer-api/customer/update - Body: {"customerName":"John Doe Updated","contactNumber":"9876543210","gender":"Male","dateOfBirth":"1995-06-15","address":{"addressName":"Home","addressLine1":"456 New Street","addressLine2":"Suite 10","area":"Uptown","city":"Los Angeles","state":"CA","pincode":"90001"}}
2025-02-25 15:01:51 [INFO]: Request: POST /customer-api/customer/register - Body: {"customerName":"John Doe","customerEmailId":"johndoe@example.com","contactNumber":"9876543210","password":"SecurePass123","gender":"Male","dateOfBirth":"1995-06-15","address":{"addressName":"Home","addressLine1":"123 Main Street","addressLine2":"Apt 4B","area":"Downtown","city":"New York","state":"NY","pincode":"10001"}}
2025-02-25 15:01:51 [INFO]: Response: POST /customer-api/customer/register - Status: 400 - Data: {"message":"User already exists"}
2025-02-25 15:01:54 [INFO]: Request: POST /customer-api/customer/login - Body: {"customerEmailId":"johndoe@example.com","password":"SecurePass123"}
2025-02-25 15:01:54 [INFO]: Response: POST /customer-api/customer/login - Status: 200 - Data: {"message":"Login Successful","token":"eyJhbGciOiJIUzI1NiIsInR5cCI6IkpXVCJ9.eyJpZCI6IjY3YmQ4ZDM5MDg0M2YwNmE2NDkzNTljNiIsImlhdCI6MTc0MDQ3NTkxNCwiZXhwIjoxNzQwNDc5NTE0fQ.nHpNm4jV_wObnoJdiWjKhPQohBJYzdUqWyBbcZQrpN4"}
2025-02-25 17:07:40 [INFO]: Request: POST /customer-api/customer/register - Body: {"customerName":"John Doe","customerEmailId":"johndoe@example.com","contactNumber":"9876543210","password":"SecurePass123","gender":"Male","dateOfBirth":"1995-06-15","address":{"addressName":"Home","addressLine1":"123 Main Street","addressLine2":"Apt 4B","area":"Downtown","city":"New York","state":"NY","pincode":"10001"}}
2025-02-25 17:07:41 [INFO]: Response: POST /customer-api/customer/register - Status: 500 - Data: {"message":"Server Error"}
2025-02-25 17:07:43 [INFO]: Request: POST /customer-api/customer/register - Body: {"customerName":"John Doe","customerEmailId":"johndoe@example.com","contactNumber":"9876543210","password":"SecurePass123","gender":"Male","dateOfBirth":"1995-06-15","address":{"addressName":"Home","addressLine1":"123 Main Street","addressLine2":"Apt 4B","area":"Downtown","city":"New York","state":"NY","pincode":"10001"}}
2025-02-25 17:07:43 [INFO]: Response: POST /customer-api/customer/register - Status: 500 - Data: {"message":"Server Error"}
2025-02-25 17:11:29 [INFO]: Request: POST /customer-api/customer/register - Body: {"customerName":"John Doe","customerEmailId":"johndoe@example.com","contactNumber":"9876543210","password":"SecurePass123","gender":"Male","dateOfBirth":"1995-06-15","address":{"addressName":"Home","addressLine1":"123 Main Street","addressLine2":"Apt 4B","area":"Downtown","city":"New York","state":"NY","pincode":"10001"}}
2025-02-25 17:11:29 [INFO]: Response: POST /customer-api/customer/register - Status: 400 - Data: {"message":"User already exists"}
2025-02-25 17:12:39 [INFO]: Request: POST /customer-api/customer/register - Body: {"customerName":"John Doe","customerEmailId":"johndoe@example.com","contactNumber":"9876543210","password":"SecurePass123","gender":"Male","dateOfBirth":"1995-06-15","address":{"addressName":"Home","addressLine1":"123 Main Street","addressLine2":"Apt 4B","area":"Downtown","city":"New York","state":"NY","pincode":"10001"}}
2025-02-25 17:12:39 [INFO]: Response: POST /customer-api/customer/register - Status: 500 - Data: {"message":"Server Error"}
2025-02-25 17:13:12 [INFO]: Request: POST /customer-api/customer/register - Body: {"customerName":"John Doe","customerEmailId":"johndoe@example.com","contactNumber":"9876543210","password":"SecurePass123","gender":"Male","dateOfBirth":"1995-06-15","address":{"addressName":"Home","addressLine1":"123 Main Street","addressLine2":"Apt 4B","area":"Downtown","city":"New York","state":"NY","pincode":"10001"}}
2025-02-25 17:13:12 [INFO]: Response: POST /customer-api/customer/register - Status: 500 - Data: {"message":"Server Error"}
2025-02-25 17:13:29 [INFO]: Request: POST /customer-api/customer/register - Body: {"customerName":"John Doe","customerEmailId":"johndoe@example.com","contactNumber":"9876543210","password":"SecurePass123","gender":"Male","dateOfBirth":"1995-06-15","address":{"addressName":"Home","addressLine1":"123 Main Street","addressLine2":"Apt 4B","area":"Downtown","city":"New York","state":"NY","pincode":"10001"}}
2025-02-25 17:13:29 [INFO]: Response: POST /customer-api/customer/register - Status: 500 - Data: {"message":"Server Error"}
2025-02-25 17:13:30 [INFO]: Request: POST /customer-api/customer/register - Body: {"customerName":"John Doe","customerEmailId":"johndoe@example.com","contactNumber":"9876543210","password":"SecurePass123","gender":"Male","dateOfBirth":"1995-06-15","address":{"addressName":"Home","addressLine1":"123 Main Street","addressLine2":"Apt 4B","area":"Downtown","city":"New York","state":"NY","pincode":"10001"}}
2025-02-25 17:13:30 [INFO]: Response: POST /customer-api/customer/register - Status: 500 - Data: {"message":"Server Error"}
2025-02-25 17:13:47 [INFO]: Request: POST /customer-api/customer/register - Body: {"customerName":"John Doe","customerEmailId":"johndoe@example.com","contactNumber":"9876543210","password":"SecurePass123","gender":"Male","dateOfBirth":"1995-06-15","address":{"addressName":"Home","addressLine1":"123 Main Street","addressLine2":"Apt 4B","area":"Downtown","city":"New York","state":"NY","pincode":"10001"}}
2025-02-25 17:13:48 [INFO]: Response: POST /customer-api/customer/register - Status: 500 - Data: {"message":"Server Error"}
2025-02-25 17:14:16 [INFO]: Request: POST /customer-api/customer/register - Body: {"customerName":"John Doe","customerEmailId":"johndoe@example.com","contactNumber":"9876543210","password":"SecurePass123","gender":"Male","dateOfBirth":"1995-06-15","address":{"addressName":"Home","addressLine1":"123 Main Street","addressLine2":"Apt 4B","area":"Downtown","city":"New York","state":"NY","pincode":"10001"}}
2025-02-25 17:14:16 [INFO]: Response: POST /customer-api/customer/register - Status: 201 - Data: {"message":"User Registered Successfully"}
2025-02-25 17:14:22 [INFO]: Request: POST /customer-api/customer/login - Body: {"customerEmailId":"johndoe@example.com","password":"SecurePass123"}
2025-02-25 17:14:22 [INFO]: Response: POST /customer-api/customer/login - Status: 200 - Data: {"message":"Login Successful","token":"eyJhbGciOiJIUzI1NiIsInR5cCI6IkpXVCJ9.eyJpZCI6IjY3YmRhZDEwYTMxZGE5MWFkMzk5YjBmMiIsImlhdCI6MTc0MDQ4Mzg2MiwiZXhwIjoxNzQwNDg3NDYyfQ.wzvAyWMHFjqLGHhd0HVW8I-Bg0xnilI7qlYtWK1-nqo"}
2025-02-25 17:42:38 [INFO]: Request: POST /customer-api/customer/login - Body: {"customerEmailId":"johndoe@example.com","password":"SecurePass123"}
2025-02-25 17:42:38 [INFO]: Response: POST /customer-api/customer/login - Status: 200 - Data: {"message":"Login Successful","token":"eyJhbGciOiJIUzI1NiIsInR5cCI6IkpXVCJ9.eyJpZCI6IjY3YmRhZDEwYTMxZGE5MWFkMzk5YjBmMiIsImlhdCI6MTc0MDQ4NTU1OCwiZXhwIjoxNzQwNDg5MTU4fQ.pM-Yd31yCc_OeUi27rN-4W5b0LMVtrZJP0aOUk4gmD8"}
2025-02-25 17:46:37 [INFO]: Request: POST /customer-api/customer/login - Body: {"customerEmailId":"johndoe@example.com","password":"SecurePass123"}
2025-02-25 17:46:37 [INFO]: Response: POST /customer-api/customer/login - Status: 200 - Data: {"message":"Login Successful","customerId":"67bdad10a31da91ad399b0f2"}
2025-02-25 18:19:01 [INFO]: Request: POST /customer-api/customer/login - Body: {"customerEmailId":"johndoe@example.com","password":"SecurePass123"}
2025-02-25 18:19:02 [INFO]: Response: POST /customer-api/customer/login - Status: 200 - Data: {"message":"Login Successful","customerId":"67bdad10a31da91ad399b0f2"}
2025-02-28 09:53:53 [INFO]: Request: POST /customer-api/customer/login - Body: {"customerEmailId":"arpanhalder@example.com","password":"Password123@"}
2025-02-28 09:53:53 [INFO]: Response: POST /customer-api/customer/login - Status: 400 - Data: {"message":"Invalid Credentials"}
2025-02-28 09:54:02 [INFO]: Request: POST /customer-api/customer/register - Body: {"customerName":"Arpan Halder","customerEmailId":"arpanhalder@example.com","contactNumber":"8918449078","password":"Password123@","gender":"Male","dateOfBirth":"1999-09-21","address":{"addressName":"Home","addressLine1":"123 Main Street","addressLine2":"Apt 4B","area":"Karanjali Market","city":"Karanjali","state":"WB","pincode":"743348"}}
2025-02-28 09:54:02 [INFO]: Response: POST /customer-api/customer/register - Status: 400 - Data: {"message":"User already exists"}
2025-02-28 09:54:18 [INFO]: Request: POST /customer-api/customer/login - Body: {"customerEmailId":"arpanhalder@example.com","password":"Password123@"}
2025-02-28 09:54:19 [INFO]: Response: POST /customer-api/customer/login - Status: 400 - Data: {"message":"Invalid Credentials"}
2025-02-28 09:54:22 [INFO]: Request: POST /customer-api/customer/login - Body: {"customerEmailId":"arpanhalder@example.com","password":"Password124@"}
2025-02-28 09:54:22 [INFO]: Response: POST /customer-api/customer/login - Status: 500 - Data: {"message":"Server Error"}
2025-02-28 09:54:56 [INFO]: Request: POST /customer-api/customer/login - Body: {"customerEmailId":"arpanhalder@example.com","password":"Password124@"}
2025-02-28 09:54:56 [INFO]: Response: POST /customer-api/customer/login - Status: 500 - Data: {"message":"Server Error"}
2025-02-28 09:56:11 [INFO]: Request: POST /customer-api/customer/register - Body: {"customerName":"Arpan Halder","customerEmailId":"arpanhalder@example.com","contactNumber":"8918449078","password":"Password123@","gender":"Male","dateOfBirth":"1999-09-21","address":{"addressName":"Home","addressLine1":"123 Main Street","addressLine2":"Apt 4B","area":"Karanjali Market","city":"Karanjali","state":"WB","pincode":"743348"}}
2025-02-28 09:56:12 [INFO]: Response: POST /customer-api/customer/register - Status: 201 - Data: {"message":"User Registered Successfully"}
2025-02-28 09:56:41 [INFO]: Request: POST /customer-api/customer/login - Body: {"customerEmailId":"arpanhalder@example.com","password":"Password123@"}
2025-02-28 09:56:41 [INFO]: Response: POST /customer-api/customer/login - Status: 500 - Data: {"message":"Server Error"}
2025-02-28 09:56:43 [INFO]: Request: POST /customer-api/customer/register - Body: {"customerName":"Arpan Halder","customerEmailId":"arpanhalder@example.com","contactNumber":"8918449078","password":"Password123@","gender":"Male","dateOfBirth":"1999-09-21","address":{"addressName":"Home","addressLine1":"123 Main Street","addressLine2":"Apt 4B","area":"Karanjali Market","city":"Karanjali","state":"WB","pincode":"743348"}}
2025-02-28 09:56:43 [INFO]: Response: POST /customer-api/customer/register - Status: 400 - Data: {"message":"User already exists"}
2025-02-28 09:56:46 [INFO]: Request: POST /customer-api/customer/login - Body: {"customerEmailId":"arpanhalder@example.com","password":"Password123@"}
2025-02-28 09:56:46 [INFO]: Response: POST /customer-api/customer/login - Status: 500 - Data: {"message":"Server Error"}
2025-02-28 10:08:18 [INFO]: Request: POST /customer-api/customer/login - Body: {"customerEmailId":"arpanhalder@example.com","password":"Password123@"}
2025-02-28 10:08:18 [INFO]: Response: POST /customer-api/customer/login - Status: 500 - Data: {"message":"Server Error"}
2025-02-28 10:08:56 [INFO]: Request: POST /customer-api/customer/login - Body: {"customerEmailId":"arpanhalder@example.com","password":"Password123@"}
2025-02-28 10:08:56 [INFO]: Response: POST /customer-api/customer/login - Status: 200 - Data: {"message":"Login Successful","customerId":"eyJhbGciOiJIUzI1NiIsInR5cCI6IkpXVCJ9.eyJ1c2VySWQiOiI2N2MxM2FlNDRjYjY4OTI5OWJiNmY3NmQiLCJpYXQiOjE3NDA3MTc1MzYsImV4cCI6MTc0MDcyNDczNn0.zJW1KMoU4dbI5fVvf1U115J8SqKqwTyWmygUbJAfS5o"}
2025-02-28 10:09:08 [INFO]: Request: POST /customer-api/customer/login - Body: {"customerEmailId":"arpanhalder@example.com","password":"Password123@"}
2025-02-28 10:09:08 [INFO]: Response: POST /customer-api/customer/login - Status: 200 - Data: {"message":"Login Successful","token":"eyJhbGciOiJIUzI1NiIsInR5cCI6IkpXVCJ9.eyJ1c2VySWQiOiI2N2MxM2FlNDRjYjY4OTI5OWJiNmY3NmQiLCJpYXQiOjE3NDA3MTc1NDgsImV4cCI6MTc0MDcyNDc0OH0.qnhZw4qET8BNCfQ7bj_k3bMqIulZBQ1yaexxoODRSDI"}
2025-02-28 10:23:13 [INFO]: Request: PUT /customer-api/customer/updateProfile - Body: {"customerEmailId":"arpanhalder@example.com","customerName":"Arpan Halder","contactNumber":"8918449079","gender":"Male","dateOfBirth":"1999-06-15","address":{"addressName":"Home","addressLine1":"456 New Street","addressLine2":"Suite 10","area":"Uptown","city":"Los Angeles","state":"CA","pincode":"90001"}}
2025-02-28 10:23:13 [INFO]: Response: PUT /customer-api/customer/updateProfile - Status: 403 - Data: {"message":"Invalid or Expired Token"}
2025-02-28 10:23:19 [INFO]: Request: PUT /customer-api/customer/updateProfile - Body: {"customerEmailId":"arpanhalder@example.com","customerName":"Arpan Halder","contactNumber":"8918449079","gender":"Male","dateOfBirth":"1999-06-15","address":{"addressName":"Home","addressLine1":"456 New Street","addressLine2":"Suite 10","area":"Uptown","city":"Los Angeles","state":"CA","pincode":"90001"}}
2025-02-28 10:23:19 [INFO]: Response: PUT /customer-api/customer/updateProfile - Status: 404 - Data: {"message":"User not found"}
2025-02-28 10:25:04 [INFO]: Request: PUT /customer-api/customer/updateProfile - Body: {"customerEmailId":"arpanhalder@example.com","customerName":"Arpan Halder","contactNumber":"8918449079","gender":"Male","dateOfBirth":"1999-06-15","address":{"addressName":"Home","addressLine1":"456 New Street","addressLine2":"Suite 10","area":"Uptown","city":"Los Angeles","state":"CA","pincode":"90001"}}
2025-02-28 10:25:04 [INFO]: Response: PUT /customer-api/customer/updateProfile - Status: 200 - Data: {"message":"Profile Updated Successfully","user":{"_id":"67c13ae44cb689299bb6f76d","customerName":"Arpan Halder","customerEmailId":"arpanhalder@example.com","contactNumber":"8918449079","password":"$2b$10$.Fm1tQ7YK5nSPHKKqJ4lBeMlF2tXx/hCnXa8zqPcMGpboIvT43Op2","gender":"Male","dateOfBirth":"1999-06-15T00:00:00.000Z","address":{"addressName":"Home","addressLine1":"456 New Street","addressLine2":"Suite 10","area":"Uptown","city":"Los Angeles","state":"CA","pincode":"90001","_id":"67c141a89545889d35a10052"},"__v":0}}
2025-02-28 10:25:57 [INFO]: Request: PUT /customer-api/customer/updatePassword - Body: {"customerEmailId":"arpanhalder@example.com","oldPassword":"Password123@","newPassword":"Password124@"}
2025-02-28 10:25:58 [INFO]: Response: PUT /customer-api/customer/updatePassword - Status: 200 - Data: {"message":"Profile Updated Successfully","user":{"_id":"67c13ae44cb689299bb6f76d","customerName":"Arpan Halder","customerEmailId":"arpanhalder@example.com","contactNumber":"8918449079","password":"$2b$10$uwZi29LFKITUWPRy4U7FIOcal/Lsro4xTQtVOlZZIdu2HlrtCmcgu","gender":"Male","dateOfBirth":"1999-06-15T00:00:00.000Z","address":{"addressName":"Home","addressLine1":"456 New Street","addressLine2":"Suite 10","area":"Uptown","city":"Los Angeles","state":"CA","pincode":"90001","_id":"67c141a89545889d35a10052"},"__v":0}}
2025-02-28 10:26:02 [INFO]: Request: POST /customer-api/customer/login - Body: {"customerEmailId":"arpanhalder@example.com","password":"Password123@"}
2025-02-28 10:26:02 [INFO]: Response: POST /customer-api/customer/login - Status: 400 - Data: {"message":"Invalid Credentials"}
2025-02-28 10:26:06 [INFO]: Request: POST /customer-api/customer/login - Body: {"customerEmailId":"arpanhalder@example.com","password":"Password124@"}
2025-02-28 10:26:07 [INFO]: Response: POST /customer-api/customer/login - Status: 200 - Data: {"message":"Login Successful","token":"eyJhbGciOiJIUzI1NiIsInR5cCI6IkpXVCJ9.eyJ1c2VySWQiOiI2N2MxM2FlNDRjYjY4OTI5OWJiNmY3NmQiLCJpYXQiOjE3NDA3MTg1NjcsImV4cCI6MTc0MDcyNTc2N30.XwR_Q_2La-CLVbrATDVax6bStHPKmjhwFFNvu3Lq3w4"}
2025-02-28 10:26:27 [INFO]: Request: POST /customer-api/customer/register - Body: {"customerName":"Arpan Halder","customerEmailId":"arpanhalder@example.com","contactNumber":"8918449078","password":"Password123@","gender":"Male","dateOfBirth":"1999-09-21","address":{"addressName":"Home","addressLine1":"123 Main Street","addressLine2":"Apt 4B","area":"Karanjali Market","city":"Karanjali","state":"WB","pincode":"743348"}}
2025-02-28 10:26:27 [INFO]: Response: POST /customer-api/customer/register - Status: 400 - Data: {"message":"User already exists"}
2025-02-28 10:27:09 [INFO]: Request: POST /customer-api/customer/register - Body: {"customerName":"Arpan Halder","customerEmailId":"arpanhalder2@example.com","contactNumber":"8918449078","password":"Password123@","gender":"Male","dateOfBirth":"1999-09-21","address":{"addressName":"Home","addressLine1":"123 Main Street","addressLine2":"Apt 4B","area":"Karanjali Market","city":"Karanjali","state":"WB","pincode":"743348"}}
2025-02-28 10:27:09 [INFO]: Response: POST /customer-api/customer/register - Status: 201 - Data: {"message":"User Registered Successfully","token":"eyJhbGciOiJIUzI1NiIsInR5cCI6IkpXVCJ9.eyJ1c2VySWQiOiI2N2MxNDIyNTBjMGQwM2E3MmNhN2ZmZjUiLCJpYXQiOjE3NDA3MTg2MjksImV4cCI6MTc0MDcyNTgyOX0.oRvjTCbZjWTzbqYnZ_jXCuNkwkpRHKTBbRGw75bICTY"}
