2025-02-25 14:58:25 [INFO]: Request: POST /customer-api/customer/register - Body: {"customerName":"John Doe","customerEmailId":"johndoe@example.com","contactNumber":"9876543210","password":"SecurePass123","gender":"Male","dateOfBirth":"1995-06-15","address":{"addressName":"Home","addressLine1":"123 Main Street","addressLine2":"Apt 4B","area":"Downtown","city":"New York","state":"NY","pincode":"10001"}}
2025-02-25 14:58:25 [INFO]: Response: POST /customer-api/customer/register - Status: 201 - Data: {"message":"User Registered Successfully"}
2025-02-25 14:59:28 [INFO]: Request: POST /customer-api/customer/login - Body: {"customerEmailId":"johndoe@example.com","password":"SecurePass123"}
2025-02-25 14:59:28 [INFO]: Response: POST /customer-api/customer/login - Status: 200 - Data: {"message":"Login Successful","token":"eyJhbGciOiJIUzI1NiIsInR5cCI6IkpXVCJ9.eyJpZCI6IjY3YmQ4ZDM5MDg0M2YwNmE2NDkzNTljNiIsImlhdCI6MTc0MDQ3NTc2OCwiZXhwIjoxNzQwNDc5MzY4fQ.G1RqQQ17Cj0EFNqdSAs4w_2XI25tLmpZorLxs9oe4fc"}
2025-02-25 15:00:09 [INFO]: Request: POST /customer-api/customer/update-profile - Body: {"customerName":"John Doe Updated","contactNumber":"9876543210","gender":"Male","dateOfBirth":"1995-06-15","address":{"addressName":"Home","addressLine1":"456 New Street","addressLine2":"Suite 10","area":"Uptown","city":"Los Angeles","state":"CA","pincode":"90001"}}
2025-02-25 15:00:20 [INFO]: Request: POST /customer-api/customer/update - Body: {"customerName":"John Doe Updated","contactNumber":"9876543210","gender":"Male","dateOfBirth":"1995-06-15","address":{"addressName":"Home","addressLine1":"456 New Street","addressLine2":"Suite 10","area":"Uptown","city":"Los Angeles","state":"CA","pincode":"90001"}}
2025-02-25 15:00:23 [INFO]: Request: POST /customer-api/customer/update - Body: {"customerName":"John Doe Updated","contactNumber":"9876543210","gender":"Male","dateOfBirth":"1995-06-15","address":{"addressName":"Home","addressLine1":"456 New Street","addressLine2":"Suite 10","area":"Uptown","city":"Los Angeles","state":"CA","pincode":"90001"}}
2025-02-25 15:00:25 [INFO]: Request: POST /customer-api/customer/updatea - Body: {"customerName":"John Doe Updated","contactNumber":"9876543210","gender":"Male","dateOfBirth":"1995-06-15","address":{"addressName":"Home","addressLine1":"456 New Street","addressLine2":"Suite 10","area":"Uptown","city":"Los Angeles","state":"CA","pincode":"90001"}}
2025-02-25 15:00:33 [INFO]: Request: PUT /customer-api/customer/update - Body: {"customerName":"John Doe Updated","contactNumber":"9876543210","gender":"Male","dateOfBirth":"1995-06-15","address":{"addressName":"Home","addressLine1":"456 New Street","addressLine2":"Suite 10","area":"Uptown","city":"Los Angeles","state":"CA","pincode":"90001"}}
2025-02-25 15:01:51 [INFO]: Request: POST /customer-api/customer/register - Body: {"customerName":"John Doe","customerEmailId":"johndoe@example.com","contactNumber":"9876543210","password":"SecurePass123","gender":"Male","dateOfBirth":"1995-06-15","address":{"addressName":"Home","addressLine1":"123 Main Street","addressLine2":"Apt 4B","area":"Downtown","city":"New York","state":"NY","pincode":"10001"}}
2025-02-25 15:01:51 [INFO]: Response: POST /customer-api/customer/register - Status: 400 - Data: {"message":"User already exists"}
2025-02-25 15:01:54 [INFO]: Request: POST /customer-api/customer/login - Body: {"customerEmailId":"johndoe@example.com","password":"SecurePass123"}
2025-02-25 15:01:54 [INFO]: Response: POST /customer-api/customer/login - Status: 200 - Data: {"message":"Login Successful","token":"eyJhbGciOiJIUzI1NiIsInR5cCI6IkpXVCJ9.eyJpZCI6IjY3YmQ4ZDM5MDg0M2YwNmE2NDkzNTljNiIsImlhdCI6MTc0MDQ3NTkxNCwiZXhwIjoxNzQwNDc5NTE0fQ.nHpNm4jV_wObnoJdiWjKhPQohBJYzdUqWyBbcZQrpN4"}
2025-02-25 17:07:40 [INFO]: Request: POST /customer-api/customer/register - Body: {"customerName":"John Doe","customerEmailId":"johndoe@example.com","contactNumber":"9876543210","password":"SecurePass123","gender":"Male","dateOfBirth":"1995-06-15","address":{"addressName":"Home","addressLine1":"123 Main Street","addressLine2":"Apt 4B","area":"Downtown","city":"New York","state":"NY","pincode":"10001"}}
2025-02-25 17:07:41 [INFO]: Response: POST /customer-api/customer/register - Status: 500 - Data: {"message":"Server Error"}
2025-02-25 17:07:43 [INFO]: Request: POST /customer-api/customer/register - Body: {"customerName":"John Doe","customerEmailId":"johndoe@example.com","contactNumber":"9876543210","password":"SecurePass123","gender":"Male","dateOfBirth":"1995-06-15","address":{"addressName":"Home","addressLine1":"123 Main Street","addressLine2":"Apt 4B","area":"Downtown","city":"New York","state":"NY","pincode":"10001"}}
2025-02-25 17:07:43 [INFO]: Response: POST /customer-api/customer/register - Status: 500 - Data: {"message":"Server Error"}
2025-02-25 17:11:29 [INFO]: Request: POST /customer-api/customer/register - Body: {"customerName":"John Doe","customerEmailId":"johndoe@example.com","contactNumber":"9876543210","password":"SecurePass123","gender":"Male","dateOfBirth":"1995-06-15","address":{"addressName":"Home","addressLine1":"123 Main Street","addressLine2":"Apt 4B","area":"Downtown","city":"New York","state":"NY","pincode":"10001"}}
2025-02-25 17:11:29 [INFO]: Response: POST /customer-api/customer/register - Status: 400 - Data: {"message":"User already exists"}
2025-02-25 17:12:39 [INFO]: Request: POST /customer-api/customer/register - Body: {"customerName":"John Doe","customerEmailId":"johndoe@example.com","contactNumber":"9876543210","password":"SecurePass123","gender":"Male","dateOfBirth":"1995-06-15","address":{"addressName":"Home","addressLine1":"123 Main Street","addressLine2":"Apt 4B","area":"Downtown","city":"New York","state":"NY","pincode":"10001"}}
2025-02-25 17:12:39 [INFO]: Response: POST /customer-api/customer/register - Status: 500 - Data: {"message":"Server Error"}
2025-02-25 17:13:12 [INFO]: Request: POST /customer-api/customer/register - Body: {"customerName":"John Doe","customerEmailId":"johndoe@example.com","contactNumber":"9876543210","password":"SecurePass123","gender":"Male","dateOfBirth":"1995-06-15","address":{"addressName":"Home","addressLine1":"123 Main Street","addressLine2":"Apt 4B","area":"Downtown","city":"New York","state":"NY","pincode":"10001"}}
2025-02-25 17:13:12 [INFO]: Response: POST /customer-api/customer/register - Status: 500 - Data: {"message":"Server Error"}
2025-02-25 17:13:29 [INFO]: Request: POST /customer-api/customer/register - Body: {"customerName":"John Doe","customerEmailId":"johndoe@example.com","contactNumber":"9876543210","password":"SecurePass123","gender":"Male","dateOfBirth":"1995-06-15","address":{"addressName":"Home","addressLine1":"123 Main Street","addressLine2":"Apt 4B","area":"Downtown","city":"New York","state":"NY","pincode":"10001"}}
2025-02-25 17:13:29 [INFO]: Response: POST /customer-api/customer/register - Status: 500 - Data: {"message":"Server Error"}
2025-02-25 17:13:30 [INFO]: Request: POST /customer-api/customer/register - Body: {"customerName":"John Doe","customerEmailId":"johndoe@example.com","contactNumber":"9876543210","password":"SecurePass123","gender":"Male","dateOfBirth":"1995-06-15","address":{"addressName":"Home","addressLine1":"123 Main Street","addressLine2":"Apt 4B","area":"Downtown","city":"New York","state":"NY","pincode":"10001"}}
2025-02-25 17:13:30 [INFO]: Response: POST /customer-api/customer/register - Status: 500 - Data: {"message":"Server Error"}
2025-02-25 17:13:47 [INFO]: Request: POST /customer-api/customer/register - Body: {"customerName":"John Doe","customerEmailId":"johndoe@example.com","contactNumber":"9876543210","password":"SecurePass123","gender":"Male","dateOfBirth":"1995-06-15","address":{"addressName":"Home","addressLine1":"123 Main Street","addressLine2":"Apt 4B","area":"Downtown","city":"New York","state":"NY","pincode":"10001"}}
2025-02-25 17:13:48 [INFO]: Response: POST /customer-api/customer/register - Status: 500 - Data: {"message":"Server Error"}
2025-02-25 17:14:16 [INFO]: Request: POST /customer-api/customer/register - Body: {"customerName":"John Doe","customerEmailId":"johndoe@example.com","contactNumber":"9876543210","password":"SecurePass123","gender":"Male","dateOfBirth":"1995-06-15","address":{"addressName":"Home","addressLine1":"123 Main Street","addressLine2":"Apt 4B","area":"Downtown","city":"New York","state":"NY","pincode":"10001"}}
2025-02-25 17:14:16 [INFO]: Response: POST /customer-api/customer/register - Status: 201 - Data: {"message":"User Registered Successfully"}
2025-02-25 17:14:22 [INFO]: Request: POST /customer-api/customer/login - Body: {"customerEmailId":"johndoe@example.com","password":"SecurePass123"}
2025-02-25 17:14:22 [INFO]: Response: POST /customer-api/customer/login - Status: 200 - Data: {"message":"Login Successful","token":"eyJhbGciOiJIUzI1NiIsInR5cCI6IkpXVCJ9.eyJpZCI6IjY3YmRhZDEwYTMxZGE5MWFkMzk5YjBmMiIsImlhdCI6MTc0MDQ4Mzg2MiwiZXhwIjoxNzQwNDg3NDYyfQ.wzvAyWMHFjqLGHhd0HVW8I-Bg0xnilI7qlYtWK1-nqo"}
2025-02-25 17:42:38 [INFO]: Request: POST /customer-api/customer/login - Body: {"customerEmailId":"johndoe@example.com","password":"SecurePass123"}
2025-02-25 17:42:38 [INFO]: Response: POST /customer-api/customer/login - Status: 200 - Data: {"message":"Login Successful","token":"eyJhbGciOiJIUzI1NiIsInR5cCI6IkpXVCJ9.eyJpZCI6IjY3YmRhZDEwYTMxZGE5MWFkMzk5YjBmMiIsImlhdCI6MTc0MDQ4NTU1OCwiZXhwIjoxNzQwNDg5MTU4fQ.pM-Yd31yCc_OeUi27rN-4W5b0LMVtrZJP0aOUk4gmD8"}
2025-02-25 17:46:37 [INFO]: Request: POST /customer-api/customer/login - Body: {"customerEmailId":"johndoe@example.com","password":"SecurePass123"}
2025-02-25 17:46:37 [INFO]: Response: POST /customer-api/customer/login - Status: 200 - Data: {"message":"Login Successful","customerId":"67bdad10a31da91ad399b0f2"}
2025-02-25 18:19:01 [INFO]: Request: POST /customer-api/customer/login - Body: {"customerEmailId":"johndoe@example.com","password":"SecurePass123"}
2025-02-25 18:19:02 [INFO]: Response: POST /customer-api/customer/login - Status: 200 - Data: {"message":"Login Successful","customerId":"67bdad10a31da91ad399b0f2"}
